Info. Метод Эйлера-Коши
y' = x^2 - y, f(0) = 2, xn = 1, h = 0.1
x_1 = 0.1, y_temp = 1.8, y_1 = 1.81 
x_2 = 0.2, y_temp = 1.6300000000000001, y_2 = 1.639 
x_3 = 0.30000000000000004, y_temp = 1.4791, y_3 = 1.487095 
x_4 = 0.4, y_temp = 1.3473855000000001, y_4 = 1.3543709750000001 
x_5 = 0.5, y_temp = 1.2349338775, y_5 = 1.2409057323750001 
x_6 = 0.6, y_temp = 1.1418151591375, y_6 = 1.1467696877993752 
x_7 = 0.7000000000000001, y_temp = 1.0680927190194376, y_7 = 1.0720265674584346 
x_8 = 0.8, y_temp = 1.0138239107125913, y_8 = 1.0167340435498833 
x_9 = 0.9, y_temp = 0.9790606391948949, y_9 = 0.9809443094126444 
x_10 = 1.0, y_temp = 0.96384987847138, y_10 = 0.9647046000184432 
Вычисление закончено, общее количество шагов: 10

Info. Метод Эйлера-Коши
y' = x^2 - y, f(0) = 2, xn = 1, h = 0.05
x_1 = 0.05, y_temp = 1.9, y_1 = 1.9025 
x_2 = 0.1, y_temp = 1.8075, y_2 = 1.8098750000000001 
x_3 = 0.15000000000000002, y_temp = 1.71988125, y_3 = 1.72213109375 
x_4 = 0.2, y_temp = 1.6371495390625, y_4 = 1.6392740779296875 
x_5 = 0.25, y_temp = 1.559310374033203, y_5 = 1.5613094666306153 
x_6 = 0.3, y_temp = 1.4863689932990845, y_6 = 1.4882425051323729 
x_7 = 0.35000000000000003, y_temp = 1.4183303798757543, y_7 = 1.4200781830071696 
x_8 = 0.4, y_temp = 1.355199273856811, y_8 = 1.35682124658557 
x_9 = 0.45, y_temp = 1.2969801842562916, y_9 = 1.2984762108145236 
x_10 = 0.5, y_temp = 1.2436774002737974, y_10 = 1.2450473705373155 
x_11 = 0.55, y_temp = 1.1952950020104498, y_11 = 1.1965388112236215 
x_12 = 0.6000000000000001, y_temp = 1.1518368706624404, y_12 = 1.15295441917647 
x_13 = 0.6500000000000001, y_temp = 1.1133066982176465, y_13 = 1.114297891241617 
x_14 = 0.7000000000000001, y_temp = 1.0797079966795362, y_14 = 1.0805727440435882 
x_15 = 0.7500000000000001, y_temp = 1.0510441068414087, y_15 = 1.0517823227714633 
x_16 = 0.8, y_temp = 1.02731820663289, y_16 = 1.0279298095363545 
x_17 = 0.8500000000000001, y_temp = 1.0085333190595367, y_17 = 1.0090182313214573 
x_18 = 0.9000000000000001, y_temp = 0.9946923197553844, y_18 = 0.9950504675445363 
x_19 = 0.9500000000000001, y_temp = 0.9857979441673095, y_19 = 0.9860292572517402 
x_20 = 1.0, y_temp = 0.9818527943891532, y_20 = 0.9819572059607179 
Вычисление закончено, общее количество шагов: 20

Info. Оценка погрешности при помощи правила
y_h = 0.9647046000184432, y_h/2 = 0.9819572059607179, res = 0.9877080746081428