Уравнение Фредгольма 2-ого рода
Исходная матрица:
 1.00000e+00 | -0.00000e+00 | -0.00000e+00 | -0.00000e+00 | -0.00000e+00 | -0.00000e+00 | -0.00000e+00 | -0.00000e+00 | -0.00000e+00 | -0.00000e+00 | -0.00000e+00 |  0.00000e+00
-0.00000e+00 |  9.94122e-01 | -1.17557e-02 | -1.76336e-02 | -2.35114e-02 | -2.93893e-02 | -3.52671e-02 | -4.11450e-02 | -4.70228e-02 | -5.29007e-02 | -2.93893e-02 |  1.00000e+00
-0.00000e+00 | -9.51057e-03 |  9.80979e-01 | -2.85317e-02 | -3.80423e-02 | -4.75528e-02 | -5.70634e-02 | -6.65740e-02 | -7.60845e-02 | -8.55951e-02 | -4.75528e-02 |  2.00000e+00
-0.00000e+00 | -9.51057e-03 | -1.90211e-02 |  9.71468e-01 | -3.80423e-02 | -4.75528e-02 | -5.70634e-02 | -6.65740e-02 | -7.60845e-02 | -8.55951e-02 | -4.75528e-02 |  3.00000e+00
-0.00000e+00 | -5.87785e-03 | -1.17557e-02 | -1.76336e-02 |  9.76489e-01 | -2.93893e-02 | -3.52671e-02 | -4.11450e-02 | -4.70228e-02 | -5.29007e-02 | -2.93893e-02 |  4.00000e+00
-0.00000e+00 | -1.22465e-18 | -2.44929e-18 | -3.67394e-18 | -4.89859e-18 |  1.00000e+00 | -7.34788e-18 | -8.57253e-18 | -9.79717e-18 | -1.10218e-17 | -6.12323e-18 |  5.00000e+00
 0.00000e+00 |  5.87785e-03 |  1.17557e-02 |  1.76336e-02 |  2.35114e-02 |  2.93893e-02 |  1.03527e+00 |  4.11450e-02 |  4.70228e-02 |  5.29007e-02 |  2.93893e-02 |  6.00000e+00
 0.00000e+00 |  9.51057e-03 |  1.90211e-02 |  2.85317e-02 |  3.80423e-02 |  4.75528e-02 |  5.70634e-02 |  1.06657e+00 |  7.60845e-02 |  8.55951e-02 |  4.75528e-02 |  7.00000e+00
 0.00000e+00 |  9.51057e-03 |  1.90211e-02 |  2.85317e-02 |  3.80423e-02 |  4.75528e-02 |  5.70634e-02 |  6.65740e-02 |  1.07608e+00 |  8.55951e-02 |  4.75528e-02 |  8.00000e+00
 0.00000e+00 |  5.87785e-03 |  1.17557e-02 |  1.76336e-02 |  2.35114e-02 |  2.93893e-02 |  3.52671e-02 |  4.11450e-02 |  4.70228e-02 |  1.05290e+00 |  2.93893e-02 |  9.00000e+00
 0.00000e+00 |  2.44929e-18 |  4.89859e-18 |  7.34788e-18 |  9.79717e-18 |  1.22465e-17 |  1.46958e-17 |  1.71451e-17 |  1.95943e-17 |  2.20436e-17 |  1.00000e+00 |  1.00000e+01
Максимальный элемент находится в 9 строке и 9 столбце
Максимальный по модулю элемент: 1.0760845213036123
Множитель для 1-ой строки равен: 0.0
Множитель для 2-ой строки равен: 0.04369807320193818
Множитель для 3-ой строки равен: 0.07070496768361692
Множитель для 4-ой строки равен: 0.07070496768361692
Множитель для 5-ой строки равен: 0.04369807320193819
Множитель для 6-ой строки равен: 9.104465494318359e-18
Множитель для 7-ой строки равен: -0.0436980732019382
Множитель для 8-ой строки равен: -0.07070496768361692
Множитель для 10-ой строки равен: -0.0436980732019382
Множитель для 11-ой строки равен: -1.8208930988636718e-17
Матрица после умножения:
 1.00000e+00 |  0.00000e+00 |  0.00000e+00 |  0.00000e+00 |  0.00000e+00 |  0.00000e+00 |  0.00000e+00 |  0.00000e+00 |  0.00000e+00 |  0.00000e+00 |  0.00000e+00 |  0.00000e+00
 0.00000e+00 |  9.94538e-01 | -1.09245e-02 | -1.63868e-02 | -2.18490e-02 | -2.73113e-02 | -3.27736e-02 | -3.82358e-02 |  0.00000e+00 | -4.91603e-02 | -2.73113e-02 |  1.34958e+00
 0.00000e+00 | -8.83812e-03 |  9.82324e-01 | -2.65144e-02 | -3.53525e-02 | -4.41906e-02 | -5.30287e-02 | -6.18668e-02 |  0.00000e+00 | -7.95431e-02 | -4.41906e-02 |  2.56564e+00
 0.00000e+00 | -8.83812e-03 | -1.76762e-02 |  9.73486e-01 | -3.53525e-02 | -4.41906e-02 | -5.30287e-02 | -6.18668e-02 |  0.00000e+00 | -7.95431e-02 | -4.41906e-02 |  3.56564e+00
 0.00000e+00 | -5.46226e-03 | -1.09245e-02 | -1.63868e-02 |  9.78151e-01 | -2.73113e-02 | -3.27736e-02 | -3.82358e-02 |  0.00000e+00 | -4.91603e-02 | -2.73113e-02 |  4.34958e+00
 0.00000e+00 | -1.13806e-18 | -2.27612e-18 | -3.41417e-18 | -4.55223e-18 |  1.00000e+00 | -6.82835e-18 | -7.96641e-18 |  0.00000e+00 | -1.02425e-17 | -5.69029e-18 |  5.00000e+00
 0.00000e+00 |  5.46226e-03 |  1.09245e-02 |  1.63868e-02 |  2.18490e-02 |  2.73113e-02 |  1.03277e+00 |  3.82358e-02 | -6.93889e-18 |  4.91603e-02 |  2.73113e-02 |  5.65042e+00
 0.00000e+00 |  8.83812e-03 |  1.76762e-02 |  2.65144e-02 |  3.53525e-02 |  4.41906e-02 |  5.30287e-02 |  1.06187e+00 |  0.00000e+00 |  7.95431e-02 |  4.41906e-02 |  6.43436e+00
 0.00000e+00 |  9.51057e-03 |  1.90211e-02 |  2.85317e-02 |  3.80423e-02 |  4.75528e-02 |  5.70634e-02 |  6.65740e-02 |  1.07608e+00 |  8.55951e-02 |  4.75528e-02 |  8.00000e+00
 0.00000e+00 |  5.46226e-03 |  1.09245e-02 |  1.63868e-02 |  2.18490e-02 |  2.73113e-02 |  3.27736e-02 |  3.82358e-02 | -6.93889e-18 |  1.04916e+00 |  2.73113e-02 |  8.65042e+00
 0.00000e+00 |  2.27612e-18 |  4.55223e-18 |  6.82835e-18 |  9.10447e-18 |  1.13806e-17 |  1.36567e-17 |  1.59328e-17 |  0.00000e+00 |  2.04850e-17 |  1.00000e+00 |  1.00000e+01
Матрица без главной строки и главного столбца:
 1.00000e+00 |  0.00000e+00 |  0.00000e+00 |  0.00000e+00 |  0.00000e+00 |  0.00000e+00 |  0.00000e+00 |  0.00000e+00 |  0.00000e+00 |  0.00000e+00 |  0.00000e+00
 0.00000e+00 |  9.94538e-01 | -1.09245e-02 | -1.63868e-02 | -2.18490e-02 | -2.73113e-02 | -3.27736e-02 | -3.82358e-02 | -4.91603e-02 | -2.73113e-02 |  1.34958e+00
 0.00000e+00 | -8.83812e-03 |  9.82324e-01 | -2.65144e-02 | -3.53525e-02 | -4.41906e-02 | -5.30287e-02 | -6.18668e-02 | -7.95431e-02 | -4.41906e-02 |  2.56564e+00
 0.00000e+00 | -8.83812e-03 | -1.76762e-02 |  9.73486e-01 | -3.53525e-02 | -4.41906e-02 | -5.30287e-02 | -6.18668e-02 | -7.95431e-02 | -4.41906e-02 |  3.56564e+00
 0.00000e+00 | -5.46226e-03 | -1.09245e-02 | -1.63868e-02 |  9.78151e-01 | -2.73113e-02 | -3.27736e-02 | -3.82358e-02 | -4.91603e-02 | -2.73113e-02 |  4.34958e+00
 0.00000e+00 | -1.13806e-18 | -2.27612e-18 | -3.41417e-18 | -4.55223e-18 |  1.00000e+00 | -6.82835e-18 | -7.96641e-18 | -1.02425e-17 | -5.69029e-18 |  5.00000e+00
 0.00000e+00 |  5.46226e-03 |  1.09245e-02 |  1.63868e-02 |  2.18490e-02 |  2.73113e-02 |  1.03277e+00 |  3.82358e-02 |  4.91603e-02 |  2.73113e-02 |  5.65042e+00
 0.00000e+00 |  8.83812e-03 |  1.76762e-02 |  2.65144e-02 |  3.53525e-02 |  4.41906e-02 |  5.30287e-02 |  1.06187e+00 |  7.95431e-02 |  4.41906e-02 |  6.43436e+00
 0.00000e+00 |  5.46226e-03 |  1.09245e-02 |  1.63868e-02 |  2.18490e-02 |  2.73113e-02 |  3.27736e-02 |  3.82358e-02 |  1.04916e+00 |  2.73113e-02 |  8.65042e+00
 0.00000e+00 |  2.27612e-18 |  4.55223e-18 |  6.82835e-18 |  9.10447e-18 |  1.13806e-17 |  1.36567e-17 |  1.59328e-17 |  2.04850e-17 |  1.00000e+00 |  1.00000e+01



Исходная матрица:
 1.00000e+00 |  0.00000e+00 |  0.00000e+00 |  0.00000e+00 |  0.00000e+00 |  0.00000e+00 |  0.00000e+00 |  0.00000e+00 |  0.00000e+00 |  0.00000e+00 |  0.00000e+00
 0.00000e+00 |  9.94538e-01 | -1.09245e-02 | -1.63868e-02 | -2.18490e-02 | -2.73113e-02 | -3.27736e-02 | -3.82358e-02 | -4.91603e-02 | -2.73113e-02 |  1.34958e+00
 0.00000e+00 | -8.83812e-03 |  9.82324e-01 | -2.65144e-02 | -3.53525e-02 | -4.41906e-02 | -5.30287e-02 | -6.18668e-02 | -7.95431e-02 | -4.41906e-02 |  2.56564e+00
 0.00000e+00 | -8.83812e-03 | -1.76762e-02 |  9.73486e-01 | -3.53525e-02 | -4.41906e-02 | -5.30287e-02 | -6.18668e-02 | -7.95431e-02 | -4.41906e-02 |  3.56564e+00
 0.00000e+00 | -5.46226e-03 | -1.09245e-02 | -1.63868e-02 |  9.78151e-01 | -2.73113e-02 | -3.27736e-02 | -3.82358e-02 | -4.91603e-02 | -2.73113e-02 |  4.34958e+00
 0.00000e+00 | -1.13806e-18 | -2.27612e-18 | -3.41417e-18 | -4.55223e-18 |  1.00000e+00 | -6.82835e-18 | -7.96641e-18 | -1.02425e-17 | -5.69029e-18 |  5.00000e+00
 0.00000e+00 |  5.46226e-03 |  1.09245e-02 |  1.63868e-02 |  2.18490e-02 |  2.73113e-02 |  1.03277e+00 |  3.82358e-02 |  4.91603e-02 |  2.73113e-02 |  5.65042e+00
 0.00000e+00 |  8.83812e-03 |  1.76762e-02 |  2.65144e-02 |  3.53525e-02 |  4.41906e-02 |  5.30287e-02 |  1.06187e+00 |  7.95431e-02 |  4.41906e-02 |  6.43436e+00
 0.00000e+00 |  5.46226e-03 |  1.09245e-02 |  1.63868e-02 |  2.18490e-02 |  2.73113e-02 |  3.27736e-02 |  3.82358e-02 |  1.04916e+00 |  2.73113e-02 |  8.65042e+00
 0.00000e+00 |  2.27612e-18 |  4.55223e-18 |  6.82835e-18 |  9.10447e-18 |  1.13806e-17 |  1.36567e-17 |  1.59328e-17 |  2.04850e-17 |  1.00000e+00 |  1.00000e+01
Максимальный элемент находится в 8 строке и 8 столбце
Максимальный по модулю элемент: 1.061866846723165
Множитель для 1-ой строки равен: -0.0
Множитель для 2-ой строки равен: 0.036008106072516095
Множитель для 3-ой строки равен: 0.058262339495842516
Множитель для 4-ой строки равен: 0.058262339495842516
Множитель для 5-ой строки равен: 0.0360081060725161
Множитель для 6-ой строки равен: 7.502265780415173e-18
Множитель для 7-ой строки равен: -0.036008106072516116
Множитель для 9-ой строки равен: -0.036008106072516116
Множитель для 10-ой строки равен: -1.5004531560830346e-17
Матрица после умножения:
 1.00000e+00 |  0.00000e+00 |  0.00000e+00 |  0.00000e+00 |  0.00000e+00 |  0.00000e+00 |  0.00000e+00 |  0.00000e+00 |  0.00000e+00 |  0.00000e+00 |  0.00000e+00
 0.00000e+00 |  9.94856e-01 | -1.02880e-02 | -1.54320e-02 | -2.05761e-02 | -2.57201e-02 | -3.08641e-02 |  0.00000e+00 | -4.62961e-02 | -2.57201e-02 |  1.58127e+00
 0.00000e+00 | -8.32319e-03 |  9.83354e-01 | -2.49696e-02 | -3.32928e-02 | -4.16160e-02 | -4.99391e-02 |  0.00000e+00 | -7.49087e-02 | -4.16160e-02 |  2.94052e+00
 0.00000e+00 | -8.32319e-03 | -1.66464e-02 |  9.75030e-01 | -3.32928e-02 | -4.16160e-02 | -4.99391e-02 |  0.00000e+00 | -7.49087e-02 | -4.16160e-02 |  3.94052e+00
 0.00000e+00 | -5.14402e-03 | -1.02880e-02 | -1.54320e-02 |  9.79424e-01 | -2.57201e-02 | -3.08641e-02 |  0.00000e+00 | -4.62961e-02 | -2.57201e-02 |  4.58127e+00
 0.00000e+00 | -1.07175e-18 | -2.14350e-18 | -3.21526e-18 | -4.28701e-18 |  1.00000e+00 | -6.43051e-18 |  0.00000e+00 | -9.64577e-18 | -5.35876e-18 |  5.00000e+00
 0.00000e+00 |  5.14402e-03 |  1.02880e-02 |  1.54320e-02 |  2.05761e-02 |  2.57201e-02 |  1.03086e+00 |  0.00000e+00 |  4.62961e-02 |  2.57201e-02 |  5.41873e+00
 0.00000e+00 |  8.83812e-03 |  1.76762e-02 |  2.65144e-02 |  3.53525e-02 |  4.41906e-02 |  5.30287e-02 |  1.06187e+00 |  7.95431e-02 |  4.41906e-02 |  6.43436e+00
 0.00000e+00 |  5.14402e-03 |  1.02880e-02 |  1.54320e-02 |  2.05761e-02 |  2.57201e-02 |  3.08641e-02 |  0.00000e+00 |  1.04630e+00 |  2.57201e-02 |  8.41873e+00
 0.00000e+00 |  2.14350e-18 |  4.28701e-18 |  6.43051e-18 |  8.57402e-18 |  1.07175e-17 |  1.28610e-17 |  0.00000e+00 |  1.92915e-17 |  1.00000e+00 |  1.00000e+01
Матрица без главной строки и главного столбца:
 1.00000e+00 |  0.00000e+00 |  0.00000e+00 |  0.00000e+00 |  0.00000e+00 |  0.00000e+00 |  0.00000e+00 |  0.00000e+00 |  0.00000e+00 |  0.00000e+00
 0.00000e+00 |  9.94856e-01 | -1.02880e-02 | -1.54320e-02 | -2.05761e-02 | -2.57201e-02 | -3.08641e-02 | -4.62961e-02 | -2.57201e-02 |  1.58127e+00
 0.00000e+00 | -8.32319e-03 |  9.83354e-01 | -2.49696e-02 | -3.32928e-02 | -4.16160e-02 | -4.99391e-02 | -7.49087e-02 | -4.16160e-02 |  2.94052e+00
 0.00000e+00 | -8.32319e-03 | -1.66464e-02 |  9.75030e-01 | -3.32928e-02 | -4.16160e-02 | -4.99391e-02 | -7.49087e-02 | -4.16160e-02 |  3.94052e+00
 0.00000e+00 | -5.14402e-03 | -1.02880e-02 | -1.54320e-02 |  9.79424e-01 | -2.57201e-02 | -3.08641e-02 | -4.62961e-02 | -2.57201e-02 |  4.58127e+00
 0.00000e+00 | -1.07175e-18 | -2.14350e-18 | -3.21526e-18 | -4.28701e-18 |  1.00000e+00 | -6.43051e-18 | -9.64577e-18 | -5.35876e-18 |  5.00000e+00
 0.00000e+00 |  5.14402e-03 |  1.02880e-02 |  1.54320e-02 |  2.05761e-02 |  2.57201e-02 |  1.03086e+00 |  4.62961e-02 |  2.57201e-02 |  5.41873e+00
 0.00000e+00 |  5.14402e-03 |  1.02880e-02 |  1.54320e-02 |  2.05761e-02 |  2.57201e-02 |  3.08641e-02 |  1.04630e+00 |  2.57201e-02 |  8.41873e+00
 0.00000e+00 |  2.14350e-18 |  4.28701e-18 |  6.43051e-18 |  8.57402e-18 |  1.07175e-17 |  1.28610e-17 |  1.92915e-17 |  1.00000e+00 |  1.00000e+01



Исходная матрица:
 1.00000e+00 |  0.00000e+00 |  0.00000e+00 |  0.00000e+00 |  0.00000e+00 |  0.00000e+00 |  0.00000e+00 |  0.00000e+00 |  0.00000e+00 |  0.00000e+00
 0.00000e+00 |  9.94856e-01 | -1.02880e-02 | -1.54320e-02 | -2.05761e-02 | -2.57201e-02 | -3.08641e-02 | -4.62961e-02 | -2.57201e-02 |  1.58127e+00
 0.00000e+00 | -8.32319e-03 |  9.83354e-01 | -2.49696e-02 | -3.32928e-02 | -4.16160e-02 | -4.99391e-02 | -7.49087e-02 | -4.16160e-02 |  2.94052e+00
 0.00000e+00 | -8.32319e-03 | -1.66464e-02 |  9.75030e-01 | -3.32928e-02 | -4.16160e-02 | -4.99391e-02 | -7.49087e-02 | -4.16160e-02 |  3.94052e+00
 0.00000e+00 | -5.14402e-03 | -1.02880e-02 | -1.54320e-02 |  9.79424e-01 | -2.57201e-02 | -3.08641e-02 | -4.62961e-02 | -2.57201e-02 |  4.58127e+00
 0.00000e+00 | -1.07175e-18 | -2.14350e-18 | -3.21526e-18 | -4.28701e-18 |  1.00000e+00 | -6.43051e-18 | -9.64577e-18 | -5.35876e-18 |  5.00000e+00
 0.00000e+00 |  5.14402e-03 |  1.02880e-02 |  1.54320e-02 |  2.05761e-02 |  2.57201e-02 |  1.03086e+00 |  4.62961e-02 |  2.57201e-02 |  5.41873e+00
 0.00000e+00 |  5.14402e-03 |  1.02880e-02 |  1.54320e-02 |  2.05761e-02 |  2.57201e-02 |  3.08641e-02 |  1.04630e+00 |  2.57201e-02 |  8.41873e+00
 0.00000e+00 |  2.14350e-18 |  4.28701e-18 |  6.43051e-18 |  8.57402e-18 |  1.07175e-17 |  1.28610e-17 |  1.92915e-17 |  1.00000e+00 |  1.00000e+01
Максимальный элемент находится в 8 строке и 8 столбце
Максимальный по модулю элемент: 1.0462961363789494
Множитель для 1-ой строки равен: -0.0
Множитель для 2-ой строки равен: 0.04424764153213087
Множитель для 3-ой строки равен: 0.07159418792100922
Множитель для 4-ой строки равен: 0.07159418792100922
Множитель для 5-ой строки равен: 0.04424764153213087
Множитель для 6-ой строки равен: 9.218967703051615e-18
Множитель для 7-ой строки равен: -0.044247641532130885
Множитель для 9-ой строки равен: -1.843793540610323e-17
Матрица после умножения:
 1.00000e+00 |  0.00000e+00 |  0.00000e+00 |  0.00000e+00 |  0.00000e+00 |  0.00000e+00 |  0.00000e+00 |  0.00000e+00 |  0.00000e+00 |  0.00000e+00
 0.00000e+00 |  9.95084e-01 | -9.83281e-03 | -1.47492e-02 | -1.96656e-02 | -2.45820e-02 | -2.94984e-02 |  6.93889e-18 | -2.45820e-02 |  1.95378e+00
 0.00000e+00 | -7.95491e-03 |  9.84090e-01 | -2.38647e-02 | -3.18196e-02 | -3.97745e-02 | -4.77295e-02 |  0.00000e+00 | -3.97745e-02 |  3.54325e+00
 0.00000e+00 | -7.95491e-03 | -1.59098e-02 |  9.76135e-01 | -3.18196e-02 | -3.97745e-02 | -4.77295e-02 |  0.00000e+00 | -3.97745e-02 |  4.54325e+00
 0.00000e+00 | -4.91640e-03 | -9.83281e-03 | -1.47492e-02 |  9.80334e-01 | -2.45820e-02 | -2.94984e-02 |  0.00000e+00 | -2.45820e-02 |  4.95378e+00
 0.00000e+00 | -1.02433e-18 | -2.04866e-18 | -3.07299e-18 | -4.09732e-18 |  1.00000e+00 | -6.14598e-18 |  0.00000e+00 | -5.12165e-18 |  5.00000e+00
 0.00000e+00 |  4.91640e-03 |  9.83281e-03 |  1.47492e-02 |  1.96656e-02 |  2.45820e-02 |  1.02950e+00 |  0.00000e+00 |  2.45820e-02 |  5.04622e+00
 0.00000e+00 |  5.14402e-03 |  1.02880e-02 |  1.54320e-02 |  2.05761e-02 |  2.57201e-02 |  3.08641e-02 |  1.04630e+00 |  2.57201e-02 |  8.41873e+00
 0.00000e+00 |  2.04866e-18 |  4.09732e-18 |  6.14598e-18 |  8.19464e-18 |  1.02433e-17 |  1.22920e-17 |  0.00000e+00 |  1.00000e+00 |  1.00000e+01
Матрица без главной строки и главного столбца:
 1.00000e+00 |  0.00000e+00 |  0.00000e+00 |  0.00000e+00 |  0.00000e+00 |  0.00000e+00 |  0.00000e+00 |  0.00000e+00 |  0.00000e+00
 0.00000e+00 |  9.95084e-01 | -9.83281e-03 | -1.47492e-02 | -1.96656e-02 | -2.45820e-02 | -2.94984e-02 | -2.45820e-02 |  1.95378e+00
 0.00000e+00 | -7.95491e-03 |  9.84090e-01 | -2.38647e-02 | -3.18196e-02 | -3.97745e-02 | -4.77295e-02 | -3.97745e-02 |  3.54325e+00
 0.00000e+00 | -7.95491e-03 | -1.59098e-02 |  9.76135e-01 | -3.18196e-02 | -3.97745e-02 | -4.77295e-02 | -3.97745e-02 |  4.54325e+00
 0.00000e+00 | -4.91640e-03 | -9.83281e-03 | -1.47492e-02 |  9.80334e-01 | -2.45820e-02 | -2.94984e-02 | -2.45820e-02 |  4.95378e+00
 0.00000e+00 | -1.02433e-18 | -2.04866e-18 | -3.07299e-18 | -4.09732e-18 |  1.00000e+00 | -6.14598e-18 | -5.12165e-18 |  5.00000e+00
 0.00000e+00 |  4.91640e-03 |  9.83281e-03 |  1.47492e-02 |  1.96656e-02 |  2.45820e-02 |  1.02950e+00 |  2.45820e-02 |  5.04622e+00
 0.00000e+00 |  2.04866e-18 |  4.09732e-18 |  6.14598e-18 |  8.19464e-18 |  1.02433e-17 |  1.22920e-17 |  1.00000e+00 |  1.00000e+01



Исходная матрица:
 1.00000e+00 |  0.00000e+00 |  0.00000e+00 |  0.00000e+00 |  0.00000e+00 |  0.00000e+00 |  0.00000e+00 |  0.00000e+00 |  0.00000e+00
 0.00000e+00 |  9.95084e-01 | -9.83281e-03 | -1.47492e-02 | -1.96656e-02 | -2.45820e-02 | -2.94984e-02 | -2.45820e-02 |  1.95378e+00
 0.00000e+00 | -7.95491e-03 |  9.84090e-01 | -2.38647e-02 | -3.18196e-02 | -3.97745e-02 | -4.77295e-02 | -3.97745e-02 |  3.54325e+00
 0.00000e+00 | -7.95491e-03 | -1.59098e-02 |  9.76135e-01 | -3.18196e-02 | -3.97745e-02 | -4.77295e-02 | -3.97745e-02 |  4.54325e+00
 0.00000e+00 | -4.91640e-03 | -9.83281e-03 | -1.47492e-02 |  9.80334e-01 | -2.45820e-02 | -2.94984e-02 | -2.45820e-02 |  4.95378e+00
 0.00000e+00 | -1.02433e-18 | -2.04866e-18 | -3.07299e-18 | -4.09732e-18 |  1.00000e+00 | -6.14598e-18 | -5.12165e-18 |  5.00000e+00
 0.00000e+00 |  4.91640e-03 |  9.83281e-03 |  1.47492e-02 |  1.96656e-02 |  2.45820e-02 |  1.02950e+00 |  2.45820e-02 |  5.04622e+00
 0.00000e+00 |  2.04866e-18 |  4.09732e-18 |  6.14598e-18 |  8.19464e-18 |  1.02433e-17 |  1.22920e-17 |  1.00000e+00 |  1.00000e+01
Максимальный элемент находится в 7 строке и 7 столбце
Максимальный по модулю элемент: 1.0294984276880872
Множитель для 1-ой строки равен: -0.0
Множитель для 2-ой строки равен: 0.028653203244157415
Множитель для 3-ой строки равен: 0.04636185673560543
Множитель для 4-ой строки равен: 0.04636185673560543
Множитель для 5-ой строки равен: 0.028653203244157408
Множитель для 6-ой строки равен: 5.96987649850317e-18
Множитель для 8-ой строки равен: -1.193975299700634e-17
Матрица после умножения:
 1.00000e+00 |  0.00000e+00 |  0.00000e+00 |  0.00000e+00 |  0.00000e+00 |  0.00000e+00 |  0.00000e+00 |  0.00000e+00 |  0.00000e+00
 0.00000e+00 |  9.95224e-01 | -9.55107e-03 | -1.43266e-02 | -1.91021e-02 | -2.38777e-02 |  0.00000e+00 | -2.38777e-02 |  2.09837e+00
 0.00000e+00 | -7.72698e-03 |  9.84546e-01 | -2.31809e-02 | -3.09079e-02 | -3.86349e-02 |  0.00000e+00 | -3.86349e-02 |  3.77720e+00
 0.00000e+00 | -7.72698e-03 | -1.54540e-02 |  9.76819e-01 | -3.09079e-02 | -3.86349e-02 |  0.00000e+00 | -3.86349e-02 |  4.77720e+00
 0.00000e+00 | -4.77553e-03 | -9.55107e-03 | -1.43266e-02 |  9.80898e-01 | -2.38777e-02 |  0.00000e+00 | -2.38777e-02 |  5.09837e+00
 0.00000e+00 | -9.94979e-19 | -1.98996e-18 | -2.98494e-18 | -3.97992e-18 |  1.00000e+00 |  0.00000e+00 | -4.97490e-18 |  5.00000e+00
 0.00000e+00 |  4.91640e-03 |  9.83281e-03 |  1.47492e-02 |  1.96656e-02 |  2.45820e-02 |  1.02950e+00 |  2.45820e-02 |  5.04622e+00
 0.00000e+00 |  1.98996e-18 |  3.97992e-18 |  5.96988e-18 |  7.95984e-18 |  9.94979e-18 |  0.00000e+00 |  1.00000e+00 |  1.00000e+01
Матрица без главной строки и главного столбца:
 1.00000e+00 |  0.00000e+00 |  0.00000e+00 |  0.00000e+00 |  0.00000e+00 |  0.00000e+00 |  0.00000e+00 |  0.00000e+00
 0.00000e+00 |  9.95224e-01 | -9.55107e-03 | -1.43266e-02 | -1.91021e-02 | -2.38777e-02 | -2.38777e-02 |  2.09837e+00
 0.00000e+00 | -7.72698e-03 |  9.84546e-01 | -2.31809e-02 | -3.09079e-02 | -3.86349e-02 | -3.86349e-02 |  3.77720e+00
 0.00000e+00 | -7.72698e-03 | -1.54540e-02 |  9.76819e-01 | -3.09079e-02 | -3.86349e-02 | -3.86349e-02 |  4.77720e+00
 0.00000e+00 | -4.77553e-03 | -9.55107e-03 | -1.43266e-02 |  9.80898e-01 | -2.38777e-02 | -2.38777e-02 |  5.09837e+00
 0.00000e+00 | -9.94979e-19 | -1.98996e-18 | -2.98494e-18 | -3.97992e-18 |  1.00000e+00 | -4.97490e-18 |  5.00000e+00
 0.00000e+00 |  1.98996e-18 |  3.97992e-18 |  5.96988e-18 |  7.95984e-18 |  9.94979e-18 |  1.00000e+00 |  1.00000e+01



Исходная матрица:
 1.00000e+00 |  0.00000e+00 |  0.00000e+00 |  0.00000e+00 |  0.00000e+00 |  0.00000e+00 |  0.00000e+00 |  0.00000e+00
 0.00000e+00 |  9.95224e-01 | -9.55107e-03 | -1.43266e-02 | -1.91021e-02 | -2.38777e-02 | -2.38777e-02 |  2.09837e+00
 0.00000e+00 | -7.72698e-03 |  9.84546e-01 | -2.31809e-02 | -3.09079e-02 | -3.86349e-02 | -3.86349e-02 |  3.77720e+00
 0.00000e+00 | -7.72698e-03 | -1.54540e-02 |  9.76819e-01 | -3.09079e-02 | -3.86349e-02 | -3.86349e-02 |  4.77720e+00
 0.00000e+00 | -4.77553e-03 | -9.55107e-03 | -1.43266e-02 |  9.80898e-01 | -2.38777e-02 | -2.38777e-02 |  5.09837e+00
 0.00000e+00 | -9.94979e-19 | -1.98996e-18 | -2.98494e-18 | -3.97992e-18 |  1.00000e+00 | -4.97490e-18 |  5.00000e+00
 0.00000e+00 |  1.98996e-18 |  3.97992e-18 |  5.96988e-18 |  7.95984e-18 |  9.94979e-18 |  1.00000e+00 |  1.00000e+01
Максимальный элемент находится в 1 строке и 1 столбце
Максимальный по модулю элемент: 1.0
Множитель для 2-ой строки равен: -0.0
Множитель для 3-ой строки равен: -0.0
Множитель для 4-ой строки равен: -0.0
Множитель для 5-ой строки равен: -0.0
Множитель для 6-ой строки равен: -0.0
Множитель для 7-ой строки равен: -0.0
Матрица после умножения:
 1.00000e+00 |  0.00000e+00 |  0.00000e+00 |  0.00000e+00 |  0.00000e+00 |  0.00000e+00 |  0.00000e+00 |  0.00000e+00
 0.00000e+00 |  9.95224e-01 | -9.55107e-03 | -1.43266e-02 | -1.91021e-02 | -2.38777e-02 | -2.38777e-02 |  2.09837e+00
 0.00000e+00 | -7.72698e-03 |  9.84546e-01 | -2.31809e-02 | -3.09079e-02 | -3.86349e-02 | -3.86349e-02 |  3.77720e+00
 0.00000e+00 | -7.72698e-03 | -1.54540e-02 |  9.76819e-01 | -3.09079e-02 | -3.86349e-02 | -3.86349e-02 |  4.77720e+00
 0.00000e+00 | -4.77553e-03 | -9.55107e-03 | -1.43266e-02 |  9.80898e-01 | -2.38777e-02 | -2.38777e-02 |  5.09837e+00
 0.00000e+00 | -9.94979e-19 | -1.98996e-18 | -2.98494e-18 | -3.97992e-18 |  1.00000e+00 | -4.97490e-18 |  5.00000e+00
 0.00000e+00 |  1.98996e-18 |  3.97992e-18 |  5.96988e-18 |  7.95984e-18 |  9.94979e-18 |  1.00000e+00 |  1.00000e+01
Матрица без главной строки и главного столбца:
 9.95224e-01 | -9.55107e-03 | -1.43266e-02 | -1.91021e-02 | -2.38777e-02 | -2.38777e-02 |  2.09837e+00
-7.72698e-03 |  9.84546e-01 | -2.31809e-02 | -3.09079e-02 | -3.86349e-02 | -3.86349e-02 |  3.77720e+00
-7.72698e-03 | -1.54540e-02 |  9.76819e-01 | -3.09079e-02 | -3.86349e-02 | -3.86349e-02 |  4.77720e+00
-4.77553e-03 | -9.55107e-03 | -1.43266e-02 |  9.80898e-01 | -2.38777e-02 | -2.38777e-02 |  5.09837e+00
-9.94979e-19 | -1.98996e-18 | -2.98494e-18 | -3.97992e-18 |  1.00000e+00 | -4.97490e-18 |  5.00000e+00
 1.98996e-18 |  3.97992e-18 |  5.96988e-18 |  7.95984e-18 |  9.94979e-18 |  1.00000e+00 |  1.00000e+01



Исходная матрица:
 9.95224e-01 | -9.55107e-03 | -1.43266e-02 | -1.91021e-02 | -2.38777e-02 | -2.38777e-02 |  2.09837e+00
-7.72698e-03 |  9.84546e-01 | -2.31809e-02 | -3.09079e-02 | -3.86349e-02 | -3.86349e-02 |  3.77720e+00
-7.72698e-03 | -1.54540e-02 |  9.76819e-01 | -3.09079e-02 | -3.86349e-02 | -3.86349e-02 |  4.77720e+00
-4.77553e-03 | -9.55107e-03 | -1.43266e-02 |  9.80898e-01 | -2.38777e-02 | -2.38777e-02 |  5.09837e+00
-9.94979e-19 | -1.98996e-18 | -2.98494e-18 | -3.97992e-18 |  1.00000e+00 | -4.97490e-18 |  5.00000e+00
 1.98996e-18 |  3.97992e-18 |  5.96988e-18 |  7.95984e-18 |  9.94979e-18 |  1.00000e+00 |  1.00000e+01
Максимальный элемент находится в 5 строке и 5 столбце
Максимальный по модулю элемент: 1.0
Множитель для 1-ой строки равен: 0.023877669370131166
Множитель для 2-ой строки равен: 0.038634880613004526
Множитель для 3-ой строки равен: 0.038634880613004526
Множитель для 4-ой строки равен: 0.023877669370131173
Множитель для 6-ой строки равен: -9.94979416417195e-18
Матрица после умножения:
 9.95224e-01 | -9.55107e-03 | -1.43266e-02 | -1.91021e-02 |  0.00000e+00 | -2.38777e-02 |  2.21776e+00
-7.72698e-03 |  9.84546e-01 | -2.31809e-02 | -3.09079e-02 |  0.00000e+00 | -3.86349e-02 |  3.97038e+00
-7.72698e-03 | -1.54540e-02 |  9.76819e-01 | -3.09079e-02 |  0.00000e+00 | -3.86349e-02 |  4.97038e+00
-4.77553e-03 | -9.55107e-03 | -1.43266e-02 |  9.80898e-01 |  0.00000e+00 | -2.38777e-02 |  5.21776e+00
-9.94979e-19 | -1.98996e-18 | -2.98494e-18 | -3.97992e-18 |  1.00000e+00 | -4.97490e-18 |  5.00000e+00
 1.98996e-18 |  3.97992e-18 |  5.96988e-18 |  7.95984e-18 |  0.00000e+00 |  1.00000e+00 |  1.00000e+01
Матрица без главной строки и главного столбца:
 9.95224e-01 | -9.55107e-03 | -1.43266e-02 | -1.91021e-02 | -2.38777e-02 |  2.21776e+00
-7.72698e-03 |  9.84546e-01 | -2.31809e-02 | -3.09079e-02 | -3.86349e-02 |  3.97038e+00
-7.72698e-03 | -1.54540e-02 |  9.76819e-01 | -3.09079e-02 | -3.86349e-02 |  4.97038e+00
-4.77553e-03 | -9.55107e-03 | -1.43266e-02 |  9.80898e-01 | -2.38777e-02 |  5.21776e+00
 1.98996e-18 |  3.97992e-18 |  5.96988e-18 |  7.95984e-18 |  1.00000e+00 |  1.00000e+01



Исходная матрица:
 9.95224e-01 | -9.55107e-03 | -1.43266e-02 | -1.91021e-02 | -2.38777e-02 |  2.21776e+00
-7.72698e-03 |  9.84546e-01 | -2.31809e-02 | -3.09079e-02 | -3.86349e-02 |  3.97038e+00
-7.72698e-03 | -1.54540e-02 |  9.76819e-01 | -3.09079e-02 | -3.86349e-02 |  4.97038e+00
-4.77553e-03 | -9.55107e-03 | -1.43266e-02 |  9.80898e-01 | -2.38777e-02 |  5.21776e+00
 1.98996e-18 |  3.97992e-18 |  5.96988e-18 |  7.95984e-18 |  1.00000e+00 |  1.00000e+01
Максимальный элемент находится в 5 строке и 5 столбце
Максимальный по модулю элемент: 1.0
Множитель для 1-ой строки равен: 0.023877669370131166
Множитель для 2-ой строки равен: 0.038634880613004526
Множитель для 3-ой строки равен: 0.038634880613004526
Множитель для 4-ой строки равен: 0.023877669370131173
Матрица после умножения:
 9.95224e-01 | -9.55107e-03 | -1.43266e-02 | -1.91021e-02 |  0.00000e+00 |  2.45654e+00
-7.72698e-03 |  9.84546e-01 | -2.31809e-02 | -3.09079e-02 |  0.00000e+00 |  4.35673e+00
-7.72698e-03 | -1.54540e-02 |  9.76819e-01 | -3.09079e-02 |  0.00000e+00 |  5.35673e+00
-4.77553e-03 | -9.55107e-03 | -1.43266e-02 |  9.80898e-01 |  0.00000e+00 |  5.45654e+00
 1.98996e-18 |  3.97992e-18 |  5.96988e-18 |  7.95984e-18 |  1.00000e+00 |  1.00000e+01
Матрица без главной строки и главного столбца:
 9.95224e-01 | -9.55107e-03 | -1.43266e-02 | -1.91021e-02 |  2.45654e+00
-7.72698e-03 |  9.84546e-01 | -2.31809e-02 | -3.09079e-02 |  4.35673e+00
-7.72698e-03 | -1.54540e-02 |  9.76819e-01 | -3.09079e-02 |  5.35673e+00
-4.77553e-03 | -9.55107e-03 | -1.43266e-02 |  9.80898e-01 |  5.45654e+00



Исходная матрица:
 9.95224e-01 | -9.55107e-03 | -1.43266e-02 | -1.91021e-02 |  2.45654e+00
-7.72698e-03 |  9.84546e-01 | -2.31809e-02 | -3.09079e-02 |  4.35673e+00
-7.72698e-03 | -1.54540e-02 |  9.76819e-01 | -3.09079e-02 |  5.35673e+00
-4.77553e-03 | -9.55107e-03 | -1.43266e-02 |  9.80898e-01 |  5.45654e+00
Максимальный элемент находится в 1 строке и 1 столбце
Максимальный по модулю элемент: 0.9952244661259738
Множитель для 2-ой строки равен: 0.007764053623680546
Множитель для 3-ой строки равен: 0.007764053623680546
Множитель для 4-ой строки равен: 0.004798449029911365
Матрица после умножения:
 9.95224e-01 | -9.55107e-03 | -1.43266e-02 | -1.91021e-02 |  2.45654e+00
 0.00000e+00 |  9.84472e-01 | -2.32922e-02 | -3.10562e-02 |  4.37580e+00
 0.00000e+00 | -1.55281e-02 |  9.76708e-01 | -3.10562e-02 |  5.37580e+00
 0.00000e+00 | -9.59690e-03 | -1.43953e-02 |  9.80806e-01 |  5.46833e+00
Матрица без главной строки и главного столбца:
 9.84472e-01 | -2.32922e-02 | -3.10562e-02 |  4.37580e+00
-1.55281e-02 |  9.76708e-01 | -3.10562e-02 |  5.37580e+00
-9.59690e-03 | -1.43953e-02 |  9.80806e-01 |  5.46833e+00



Исходная матрица:
 9.84472e-01 | -2.32922e-02 | -3.10562e-02 |  4.37580e+00
-1.55281e-02 |  9.76708e-01 | -3.10562e-02 |  5.37580e+00
-9.59690e-03 | -1.43953e-02 |  9.80806e-01 |  5.46833e+00
Максимальный элемент находится в 1 строке и 1 столбце
Максимальный по модулю элемент: 0.984471892752639
Множитель для 2-ой строки равен: 0.01577303258901951
Множитель для 3-ой строки равен: 0.009748270245673813
Матрица после умножения:
 9.84472e-01 | -2.32922e-02 | -3.10562e-02 |  4.37580e+00
 0.00000e+00 |  9.76340e-01 | -3.15461e-02 |  5.44482e+00
 0.00000e+00 | -1.46224e-02 |  9.80503e-01 |  5.51098e+00
Матрица без главной строки и главного столбца:
 9.76340e-01 | -3.15461e-02 |  5.44482e+00
-1.46224e-02 |  9.80503e-01 |  5.51098e+00



Исходная матрица:
 9.76340e-01 | -3.15461e-02 |  5.44482e+00
-1.46224e-02 |  9.80503e-01 |  5.51098e+00
Максимальный элемент находится в 2 строке и 2 столбце
Максимальный по модулю элемент: 0.9805034595086524
Множитель для 1-ой строки равен: 0.03217333388486698
Матрица после умножения:
 9.75870e-01 |  0.00000e+00 |  5.62213e+00
-1.46224e-02 |  9.80503e-01 |  5.51098e+00
Матрица без главной строки и главного столбца:
 9.75870e-01 |  5.62213e+00



Исходная матрица:
 9.75870e-01 |  5.62213e+00
Максимальный элемент находится в 1 строке и 1 столбце
Максимальный по модулю элемент: 0.9758699995863498
Решение системы из 1 уравнений: [5.761143096928645]

Решение системы из 2 уравнений: [5.761143096928645, 5.7064802817040485]

Решение системы из 3 уравнений: [4.761143096928644, 5.761143096928645, 5.7064802817040485]

Решение системы из 4 уравнений: [2.7064802817040485, 4.761143096928644, 5.761143096928645, 5.7064802817040485]

Решение системы из 5 уравнений: [2.7064802817040485, 4.761143096928644, 5.761143096928645, 5.7064802817040485, 10.0]

Решение системы из 6 уравнений: [2.7064802817040485, 4.761143096928644, 5.761143096928645, 5.7064802817040485, 5.0, 10.0]

Решение системы из 7 уравнений: [0.0, 2.7064802817040485, 4.761143096928644, 5.761143096928645, 5.7064802817040485, 5.0, 10.0]

Решение системы из 8 уравнений: [0.0, 2.7064802817040485, 4.761143096928644, 5.761143096928645, 5.7064802817040485, 5.0, 4.2935197182959515, 10.0]

Решение системы из 9 уравнений: [0.0, 2.7064802817040485, 4.761143096928644, 5.761143096928645, 5.7064802817040485, 5.0, 4.2935197182959515, 7.29351971829595, 10.0]

Решение системы из 10 уравнений: [0.0, 2.7064802817040485, 4.761143096928644, 5.761143096928645, 5.7064802817040485, 5.0, 4.2935197182959515, 4.238856903071356, 7.29351971829595, 10.0]

Ответ:  0.00000e+00 |  2.70648e+00 |  4.76114e+00 |  5.76114e+00 |  5.70648e+00 |  5.00000e+00 |  4.29352e+00 |  4.23886e+00 |  5.23886e+00 |  7.29352e+00 |  1.00000e+01



Уравнение Вольтерра 2-ого рода

Ответ:  0.00000e+00 |  1.00295e-01 |  2.02883e-01 |  3.09224e-01 |  4.13286e-01 |  5.00000e-01 |  5.57333e-01 |  5.95248e-01 |  6.50681e-01 |  7.71998e-01 |  1.00000e+00
