Формула трапеций a = 2.6, b = 3.4, n = 10
h = 0.07999999999999999
Результат: 0.8637713528448631

Формула трапеций a = 2.6, b = 3.4, n = 20
h = 0.039999999999999994
Результат: 0.8637764158685328

Погрешность: 5.063023669760192e-06
Необходимая точность достигнута при количестве частей 10 и 20

Формула Симпосона a = 2.6, b = 3.4, n = 10
h = 0.07999999999999999
Результат: 0.8637780958774027

Формула Симпосона a = 2.6, b = 3.4, n = 20
h = 0.039999999999999994
Результат: 0.8637781035430897

Погрешность: 7.665686974078767e-09
Необходимая точность достигнута при количестве частей 10 и 20

Формула Гаусса a = 2.6, b = 3.4, n = 4
Результат: 0.8637781040916753

Формула Гаусса a = 2.6, b = 3.4, n = 5
Результат: 0.8637781040551639

Погрешность: 3.651146052163767e-11